TN:
SF:src/constants/colors.ts
FNF:0
FNH:0
DA:5,0
DA:56,0
DA:83,0
DA:96,0
DA:108,0
LF:5
LH:0
BRF:0
BRH:0
end_of_record
TN:
SF:src/utils/taskUtils.ts
FN:6,(anonymous_0)
FN:13,(anonymous_1)
FN:28,(anonymous_2)
FN:39,(anonymous_3)
FN:47,(anonymous_4)
FN:51,(anonymous_5)
FN:61,(anonymous_6)
FN:63,(anonymous_7)
FN:78,(anonymous_8)
FN:79,(anonymous_9)
FN:87,(anonymous_10)
FN:88,(anonymous_11)
FN:94,(anonymous_12)
FNF:13
FNH:13
FNDA:1010,(anonymous_0)
FNDA:8,(anonymous_1)
FNDA:16,(anonymous_2)
FNDA:8,(anonymous_3)
FNDA:3,(anonymous_4)
FNDA:5,(anonymous_5)
FNDA:4,(anonymous_6)
FNDA:6,(anonymous_7)
FNDA:3,(anonymous_8)
FNDA:8,(anonymous_9)
FNDA:6,(anonymous_10)
FNDA:10,(anonymous_11)
FNDA:11,(anonymous_12)
DA:6,2
DA:7,1010
DA:13,2
DA:14,8
DA:15,8
DA:28,2
DA:29,16
DA:32,5
DA:33,1
DA:35,4
DA:39,4
DA:40,8
DA:47,3
DA:51,5
DA:54,2
DA:61,2
DA:62,4
DA:63,6
DA:64,4
DA:65,4
DA:67,4
DA:78,2
DA:79,3
DA:80,8
DA:87,2
DA:88,10
DA:94,2
DA:95,11
DA:97,11
DA:98,4
DA:101,7
DA:102,2
DA:105,5
DA:106,2
DA:109,3
LF:35
LH:35
BRDA:29,0,0,5
BRDA:29,0,1,4
BRDA:29,0,2,3
BRDA:29,0,3,2
BRDA:29,0,4,2
BRDA:32,1,0,1
BRDA:32,1,1,4
BRDA:40,2,0,3
BRDA:40,2,1,5
BRDA:65,3,0,2
BRDA:65,3,1,2
BRDA:88,4,0,5
BRDA:88,4,1,5
BRDA:97,5,0,4
BRDA:97,5,1,7
BRDA:101,6,0,2
BRDA:101,6,1,5
BRDA:105,7,0,2
BRDA:105,7,1,3
BRF:19
BRH:19
end_of_record
